[2025-11-17 14:02:00Z INFO HostContext] No proxy settings were found based on environmental variables (http_proxy/https_proxy/HTTP_PROXY/HTTPS_PROXY)
[2025-11-17 14:02:00Z INFO HostContext] Well known directory 'Bin': 'C:\SCHOOL\HOWEST LES\SEM5 MCT\MLOps\Labo\4.0-MLOps-Automation\actions-runner\bin'
[2025-11-17 14:02:00Z INFO HostContext] Well known directory 'Root': 'C:\SCHOOL\HOWEST LES\SEM5 MCT\MLOps\Labo\4.0-MLOps-Automation\actions-runner'
[2025-11-17 14:02:00Z INFO HostContext] Well known config file 'Credentials': 'C:\SCHOOL\HOWEST LES\SEM5 MCT\MLOps\Labo\4.0-MLOps-Automation\actions-runner\.credentials'
[2025-11-17 14:02:00Z INFO HostContext] Well known directory 'Bin': 'C:\SCHOOL\HOWEST LES\SEM5 MCT\MLOps\Labo\4.0-MLOps-Automation\actions-runner\bin'
[2025-11-17 14:02:00Z INFO HostContext] Well known directory 'Root': 'C:\SCHOOL\HOWEST LES\SEM5 MCT\MLOps\Labo\4.0-MLOps-Automation\actions-runner'
[2025-11-17 14:02:00Z INFO HostContext] Well known config file 'Runner': 'C:\SCHOOL\HOWEST LES\SEM5 MCT\MLOps\Labo\4.0-MLOps-Automation\actions-runner\.runner'
[2025-11-17 14:02:00Z INFO Listener] Runner is built for Windows (X64) - win-x64.
[2025-11-17 14:02:00Z INFO Listener] RuntimeInformation: Microsoft Windows 10.0.26100.
[2025-11-17 14:02:00Z INFO Listener] Version: 2.329.0
[2025-11-17 14:02:00Z INFO Listener] Commit: c76c59996c8fa32e989164a5a695efb12608ae5a
[2025-11-17 14:02:00Z INFO Listener] Culture: nl-BE
[2025-11-17 14:02:00Z INFO Listener] UI Culture: nl-NL
[2025-11-17 14:02:00Z INFO HostContext] Well known directory 'Bin': 'C:\SCHOOL\HOWEST LES\SEM5 MCT\MLOps\Labo\4.0-MLOps-Automation\actions-runner\bin'
[2025-11-17 14:02:00Z INFO HostContext] Well known directory 'Root': 'C:\SCHOOL\HOWEST LES\SEM5 MCT\MLOps\Labo\4.0-MLOps-Automation\actions-runner'
[2025-11-17 14:02:00Z INFO Listener] Validating directory permissions for: 'C:\SCHOOL\HOWEST LES\SEM5 MCT\MLOps\Labo\4.0-MLOps-Automation\actions-runner'
[2025-11-17 14:02:00Z INFO CommandLineParser] Parse
[2025-11-17 14:02:00Z INFO CommandLineParser] Parsing 5 args
[2025-11-17 14:02:00Z INFO CommandLineParser] parsing argument
[2025-11-17 14:02:00Z INFO CommandLineParser] HasArgs: False
[2025-11-17 14:02:00Z INFO CommandLineParser] Adding Command: configure
[2025-11-17 14:02:00Z INFO CommandLineParser] parsing argument
[2025-11-17 14:02:00Z INFO CommandLineParser] HasArgs: True
[2025-11-17 14:02:00Z INFO CommandLineParser] arg: url
[2025-11-17 14:02:00Z INFO CommandLineParser] parsing argument
[2025-11-17 14:02:00Z INFO CommandLineParser] HasArgs: True
[2025-11-17 14:02:00Z INFO CommandLineParser] Adding option 'url': 'https://github.com/DHaluwinRune/4.0-MLOps-Automation'
[2025-11-17 14:02:00Z INFO CommandLineParser] parsing argument
[2025-11-17 14:02:00Z INFO CommandLineParser] HasArgs: True
[2025-11-17 14:02:00Z INFO CommandLineParser] arg: token
[2025-11-17 14:02:00Z INFO CommandLineParser] parsing argument
[2025-11-17 14:02:00Z INFO CommandLineParser] HasArgs: True
[2025-11-17 14:02:00Z INFO CommandLineParser] Adding option 'token': '***'
[2025-11-17 14:02:00Z INFO Listener] Arguments parsed
[2025-11-17 14:02:00Z INFO Runner] ExecuteCommand
[2025-11-17 14:02:00Z INFO ConfigurationStore] currentAssemblyLocation: C:\SCHOOL\HOWEST LES\SEM5 MCT\MLOps\Labo\4.0-MLOps-Automation\actions-runner\bin\Runner.Listener.dll
[2025-11-17 14:02:00Z INFO HostContext] Well known directory 'Bin': 'C:\SCHOOL\HOWEST LES\SEM5 MCT\MLOps\Labo\4.0-MLOps-Automation\actions-runner\bin'
[2025-11-17 14:02:00Z INFO ConfigurationStore] binPath: C:\SCHOOL\HOWEST LES\SEM5 MCT\MLOps\Labo\4.0-MLOps-Automation\actions-runner\bin
[2025-11-17 14:02:00Z INFO HostContext] Well known directory 'Bin': 'C:\SCHOOL\HOWEST LES\SEM5 MCT\MLOps\Labo\4.0-MLOps-Automation\actions-runner\bin'
[2025-11-17 14:02:00Z INFO HostContext] Well known directory 'Root': 'C:\SCHOOL\HOWEST LES\SEM5 MCT\MLOps\Labo\4.0-MLOps-Automation\actions-runner'
[2025-11-17 14:02:00Z INFO ConfigurationStore] RootFolder: C:\SCHOOL\HOWEST LES\SEM5 MCT\MLOps\Labo\4.0-MLOps-Automation\actions-runner
[2025-11-17 14:02:00Z INFO HostContext] Well known directory 'Bin': 'C:\SCHOOL\HOWEST LES\SEM5 MCT\MLOps\Labo\4.0-MLOps-Automation\actions-runner\bin'
[2025-11-17 14:02:00Z INFO HostContext] Well known directory 'Root': 'C:\SCHOOL\HOWEST LES\SEM5 MCT\MLOps\Labo\4.0-MLOps-Automation\actions-runner'
[2025-11-17 14:02:00Z INFO HostContext] Well known config file 'Runner': 'C:\SCHOOL\HOWEST LES\SEM5 MCT\MLOps\Labo\4.0-MLOps-Automation\actions-runner\.runner'
[2025-11-17 14:02:00Z INFO ConfigurationStore] ConfigFilePath: C:\SCHOOL\HOWEST LES\SEM5 MCT\MLOps\Labo\4.0-MLOps-Automation\actions-runner\.runner
[2025-11-17 14:02:00Z INFO HostContext] Well known directory 'Bin': 'C:\SCHOOL\HOWEST LES\SEM5 MCT\MLOps\Labo\4.0-MLOps-Automation\actions-runner\bin'
[2025-11-17 14:02:00Z INFO HostContext] Well known directory 'Root': 'C:\SCHOOL\HOWEST LES\SEM5 MCT\MLOps\Labo\4.0-MLOps-Automation\actions-runner'
[2025-11-17 14:02:00Z INFO HostContext] Well known config file 'MigratedRunner': 'C:\SCHOOL\HOWEST LES\SEM5 MCT\MLOps\Labo\4.0-MLOps-Automation\actions-runner\.runner_migrated'
[2025-11-17 14:02:00Z INFO ConfigurationStore] MigratedConfigFilePath: C:\SCHOOL\HOWEST LES\SEM5 MCT\MLOps\Labo\4.0-MLOps-Automation\actions-runner\.runner_migrated
[2025-11-17 14:02:00Z INFO HostContext] Well known directory 'Bin': 'C:\SCHOOL\HOWEST LES\SEM5 MCT\MLOps\Labo\4.0-MLOps-Automation\actions-runner\bin'
[2025-11-17 14:02:00Z INFO HostContext] Well known directory 'Root': 'C:\SCHOOL\HOWEST LES\SEM5 MCT\MLOps\Labo\4.0-MLOps-Automation\actions-runner'
[2025-11-17 14:02:00Z INFO HostContext] Well known config file 'Credentials': 'C:\SCHOOL\HOWEST LES\SEM5 MCT\MLOps\Labo\4.0-MLOps-Automation\actions-runner\.credentials'
[2025-11-17 14:02:00Z INFO ConfigurationStore] CredFilePath: C:\SCHOOL\HOWEST LES\SEM5 MCT\MLOps\Labo\4.0-MLOps-Automation\actions-runner\.credentials
[2025-11-17 14:02:00Z INFO HostContext] Well known directory 'Bin': 'C:\SCHOOL\HOWEST LES\SEM5 MCT\MLOps\Labo\4.0-MLOps-Automation\actions-runner\bin'
[2025-11-17 14:02:00Z INFO HostContext] Well known directory 'Root': 'C:\SCHOOL\HOWEST LES\SEM5 MCT\MLOps\Labo\4.0-MLOps-Automation\actions-runner'
[2025-11-17 14:02:00Z INFO HostContext] Well known config file 'MigratedCredentials': 'C:\SCHOOL\HOWEST LES\SEM5 MCT\MLOps\Labo\4.0-MLOps-Automation\actions-runner\.credentials_migrated'
[2025-11-17 14:02:00Z INFO ConfigurationStore] MigratedCredFilePath: C:\SCHOOL\HOWEST LES\SEM5 MCT\MLOps\Labo\4.0-MLOps-Automation\actions-runner\.credentials_migrated
[2025-11-17 14:02:00Z INFO HostContext] Well known directory 'Bin': 'C:\SCHOOL\HOWEST LES\SEM5 MCT\MLOps\Labo\4.0-MLOps-Automation\actions-runner\bin'
[2025-11-17 14:02:00Z INFO HostContext] Well known directory 'Root': 'C:\SCHOOL\HOWEST LES\SEM5 MCT\MLOps\Labo\4.0-MLOps-Automation\actions-runner'
[2025-11-17 14:02:00Z INFO HostContext] Well known config file 'Service': 'C:\SCHOOL\HOWEST LES\SEM5 MCT\MLOps\Labo\4.0-MLOps-Automation\actions-runner\.service'
[2025-11-17 14:02:00Z INFO ConfigurationStore] ServiceConfigFilePath: C:\SCHOOL\HOWEST LES\SEM5 MCT\MLOps\Labo\4.0-MLOps-Automation\actions-runner\.service
[2025-11-17 14:02:00Z INFO CommandSettings] Flag 'help': 'False'
[2025-11-17 14:02:00Z INFO CommandSettings] Flag 'version': 'False'
[2025-11-17 14:02:00Z INFO CommandSettings] Flag 'commit': 'False'
[2025-11-17 14:02:00Z INFO CommandSettings] Flag 'check': 'False'
[2025-11-17 14:02:00Z INFO CommandSettings] Command 'configure': 'True'
[2025-11-17 14:02:00Z INFO Terminal] WRITE LINE: 
[2025-11-17 14:02:00Z INFO Terminal] WRITE LINE: --------------------------------------------------------------------------------
[2025-11-17 14:02:00Z INFO Terminal] WRITE LINE: |        ____ _ _   _   _       _          _        _   _                      |
[2025-11-17 14:02:00Z INFO Terminal] WRITE LINE: |       / ___(_) |_| | | |_   _| |__      / \   ___| |_(_) ___  _ __  ___      |
[2025-11-17 14:02:00Z INFO Terminal] WRITE LINE: |      | |  _| | __| |_| | | | | '_ \    / _ \ / __| __| |/ _ \| '_ \/ __|     |
[2025-11-17 14:02:00Z INFO Terminal] WRITE LINE: |      | |_| | | |_|  _  | |_| | |_) |  / ___ \ (__| |_| | (_) | | | \__ \     |
[2025-11-17 14:02:00Z INFO Terminal] WRITE LINE: |       \____|_|\__|_| |_|\__,_|_.__/  /_/   \_\___|\__|_|\___/|_| |_|___/     |
[2025-11-17 14:02:00Z INFO Terminal] WRITE LINE: |                                                                              |
[2025-11-17 14:02:00Z INFO Terminal] WRITE: |                       
[2025-11-17 14:02:00Z INFO Terminal] WRITE: Self-hosted runner registration
[2025-11-17 14:02:00Z INFO Terminal] WRITE LINE:                         |
[2025-11-17 14:02:00Z INFO Terminal] WRITE LINE: |                                                                              |
[2025-11-17 14:02:00Z INFO Terminal] WRITE LINE: --------------------------------------------------------------------------------
[2025-11-17 14:02:00Z INFO ConfigurationManager] ConfigureAsync
[2025-11-17 14:02:00Z INFO CommandSettings] Flag 'generateServiceConfig': 'False'
[2025-11-17 14:02:00Z INFO ConfigurationStore] IsConfigured()
[2025-11-17 14:02:00Z INFO ConfigurationStore] IsConfigured: False
[2025-11-17 14:02:00Z INFO ConfigurationManager] Is configured: False
[2025-11-17 14:02:00Z INFO CommandSettings] Arg 'url': 'https://github.com/DHaluwinRune/4.0-MLOps-Automation'
[2025-11-17 14:02:00Z INFO CommandSettings] Remove url from Arg dictionary.
[2025-11-17 14:02:00Z INFO CommandSettings] Arg 'token': '***'
[2025-11-17 14:02:00Z INFO CommandSettings] Remove token from Arg dictionary.
[2025-11-17 14:02:01Z INFO ConfigurationManager] Http response code: OK from 'POST https://api.github.com/actions/runner-registration' (C203:C5093:135E0EE:1266DD6:691B2AD8)
[2025-11-17 14:02:01Z INFO ConfigurationManager] Using runner-admin flow: False
[2025-11-17 14:02:01Z INFO ConfigurationManager] cred retrieved via GitHub auth
[2025-11-17 14:02:01Z INFO RunnerServer] EstablishVssConnection
[2025-11-17 14:02:01Z INFO RunnerServer] Establish connection with 100 seconds timeout.
[2025-11-17 14:02:01Z INFO GitHubActionsService] Starting operation Location.GetConnectionData
[2025-11-17 14:02:01Z INFO RunnerServer] EstablishVssConnection
[2025-11-17 14:02:01Z INFO RunnerServer] Establish connection with 60 seconds timeout.
[2025-11-17 14:02:01Z INFO GitHubActionsService] Starting operation Location.GetConnectionData
[2025-11-17 14:02:01Z INFO RunnerServer] EstablishVssConnection
[2025-11-17 14:02:01Z INFO RunnerServer] Establish connection with 60 seconds timeout.
[2025-11-17 14:02:01Z INFO GitHubActionsService] Starting operation Location.GetConnectionData
[2025-11-17 14:02:01Z INFO GitHubActionsService] Finished operation Location.GetConnectionData
[2025-11-17 14:02:01Z INFO GitHubActionsService] Finished operation Location.GetConnectionData
[2025-11-17 14:02:01Z INFO GitHubActionsService] Finished operation Location.GetConnectionData
[2025-11-17 14:02:01Z INFO Terminal] WRITE LINE: 
[2025-11-17 14:02:01Z INFO ConfigurationManager] Test Connection complete.
[2025-11-17 14:02:01Z INFO HostContext] Well known directory 'Bin': 'C:\SCHOOL\HOWEST LES\SEM5 MCT\MLOps\Labo\4.0-MLOps-Automation\actions-runner\bin'
[2025-11-17 14:02:01Z INFO HostContext] Well known directory 'Root': 'C:\SCHOOL\HOWEST LES\SEM5 MCT\MLOps\Labo\4.0-MLOps-Automation\actions-runner'
[2025-11-17 14:02:01Z INFO HostContext] Well known config file 'RSACredentials': 'C:\SCHOOL\HOWEST LES\SEM5 MCT\MLOps\Labo\4.0-MLOps-Automation\actions-runner\.credentials_rsaparams'
[2025-11-17 14:02:01Z INFO RSAEncryptedFileKeyManager] Creating new RSA key using 2048-bit key length
[2025-11-17 14:02:02Z INFO RSAEncryptedFileKeyManager] Successfully saved RSA key parameters to file C:\SCHOOL\HOWEST LES\SEM5 MCT\MLOps\Labo\4.0-MLOps-Automation\actions-runner\.credentials_rsaparams
[2025-11-17 14:02:02Z INFO CommandSettings] Arg 'runnergroup': ''
[2025-11-17 14:02:02Z INFO CommandSettings] Flag 'unattended': 'False'
[2025-11-17 14:02:02Z INFO PromptManager] ReadValue
[2025-11-17 14:02:02Z INFO Terminal] WRITE: Enter the name of the runner group to add this runner to: 
[2025-11-17 14:02:02Z INFO Terminal] WRITE: [press Enter for Default] 
[2025-11-17 14:02:02Z INFO Terminal] READ LINE
[2025-11-17 14:02:05Z INFO Terminal] Read value: ''
[2025-11-17 14:02:05Z INFO PromptManager] Falling back to the default: 'Default'
[2025-11-17 14:02:05Z INFO Terminal] WRITE LINE: 
[2025-11-17 14:02:05Z INFO ConfigurationManager] Found a self-hosted runner group with id 1 and name Default
[2025-11-17 14:02:05Z INFO CommandSettings] Flag 'disableupdate': 'False'
[2025-11-17 14:02:05Z INFO CommandSettings] Flag 'ephemeral': 'False'
[2025-11-17 14:02:05Z INFO CommandSettings] Arg 'name': ''
[2025-11-17 14:02:05Z INFO CommandSettings] Flag 'unattended': 'False'
[2025-11-17 14:02:05Z INFO PromptManager] ReadValue
[2025-11-17 14:02:05Z INFO Terminal] WRITE: Enter the name of runner: 
[2025-11-17 14:02:05Z INFO Terminal] WRITE: [press Enter for MSI] 
[2025-11-17 14:02:05Z INFO Terminal] READ LINE
[2025-11-17 14:02:07Z INFO Terminal] Read value: ''
[2025-11-17 14:02:07Z INFO PromptManager] Falling back to the default: 'MSI'
[2025-11-17 14:02:07Z INFO Terminal] WRITE LINE: 
[2025-11-17 14:02:07Z INFO CommandSettings] Arg 'labels': ''
[2025-11-17 14:02:07Z INFO CommandSettings] Flag 'unattended': 'False'
[2025-11-17 14:02:07Z INFO PromptManager] ReadValue
[2025-11-17 14:02:07Z INFO Terminal] WRITE: This runner will have the following labels: 'self-hosted', 'Windows', 'X64' 
Enter any additional labels (ex. label-1,label-2): 
[2025-11-17 14:02:07Z INFO Terminal] WRITE: [press Enter to skip] 
[2025-11-17 14:02:07Z INFO Terminal] READ LINE
[2025-11-17 14:02:10Z INFO Terminal] Read value: ''
[2025-11-17 14:02:10Z INFO Terminal] WRITE LINE: 
[2025-11-17 14:02:10Z INFO CommandSettings] Flag 'disableupdate': 'False'
[2025-11-17 14:02:10Z INFO CommandSettings] Flag 'no-default-labels': 'False'
[2025-11-17 14:02:11Z INFO CommandSettings] Flag 'disableupdate': 'False'
[2025-11-17 14:02:11Z INFO CommandSettings] Flag 'ephemeral': 'False'
[2025-11-17 14:02:11Z INFO ConfigurationStore] Saving OAuth credential @ C:\SCHOOL\HOWEST LES\SEM5 MCT\MLOps\Labo\4.0-MLOps-Automation\actions-runner\.credentials
[2025-11-17 14:02:11Z INFO ConfigurationStore] Credentials Saved.
[2025-11-17 14:02:11Z INFO ConfigurationManager] Service enforced serverUrlV2: https://broker.actions.githubusercontent.com/
[2025-11-17 14:02:11Z INFO ConfigurationManager] Service enforced useV2Flow: True
[2025-11-17 14:02:11Z INFO CommandSettings] Arg 'work': ''
[2025-11-17 14:02:11Z INFO CommandSettings] Flag 'unattended': 'False'
[2025-11-17 14:02:11Z INFO PromptManager] ReadValue
[2025-11-17 14:02:11Z INFO Terminal] WRITE: Enter name of work folder: 
[2025-11-17 14:02:11Z INFO Terminal] WRITE: [press Enter for _work] 
[2025-11-17 14:02:11Z INFO Terminal] READ LINE
[2025-11-17 14:02:13Z INFO Terminal] Read value: ''
[2025-11-17 14:02:13Z INFO PromptManager] Falling back to the default: '_work'
[2025-11-17 14:02:13Z INFO ConfigurationStore] Saving runner settings.
[2025-11-17 14:02:13Z INFO ConfigurationStore] Settings Saved.
[2025-11-17 14:02:13Z INFO Terminal] WRITE LINE: 
[2025-11-17 14:02:13Z INFO Terminal] WRITE LINE: 
[2025-11-17 14:02:13Z INFO CommandSettings] Flag 'runasservice': 'False'
[2025-11-17 14:02:13Z INFO CommandSettings] Flag 'unattended': 'False'
[2025-11-17 14:02:13Z INFO PromptManager] ReadValue
[2025-11-17 14:02:13Z INFO Terminal] WRITE: Would you like to run the runner as service? (Y/N) 
[2025-11-17 14:02:13Z INFO Terminal] WRITE: [press Enter for N] 
[2025-11-17 14:02:13Z INFO Terminal] READ LINE
[2025-11-17 14:02:17Z INFO Terminal] Read value: ''
[2025-11-17 14:02:17Z INFO PromptManager] Falling back to the default: 'N'
[2025-11-17 14:02:17Z INFO Listener] Runner execution has finished with return code 0
