[2025-11-17 19:36:48Z INFO HostContext] No proxy settings were found based on environmental variables (http_proxy/https_proxy/HTTP_PROXY/HTTPS_PROXY)
[2025-11-17 19:36:48Z INFO HostContext] Well known directory 'Bin': 'C:\SCHOOL\HOWEST LES\SEM5 MCT\MLOps\Labo\4.0-MLOps-Automation\actions-runner\bin'
[2025-11-17 19:36:48Z INFO HostContext] Well known directory 'Root': 'C:\SCHOOL\HOWEST LES\SEM5 MCT\MLOps\Labo\4.0-MLOps-Automation\actions-runner'
[2025-11-17 19:36:48Z INFO HostContext] Well known config file 'Credentials': 'C:\SCHOOL\HOWEST LES\SEM5 MCT\MLOps\Labo\4.0-MLOps-Automation\actions-runner\.credentials'
[2025-11-17 19:36:48Z INFO HostContext] Well known directory 'Bin': 'C:\SCHOOL\HOWEST LES\SEM5 MCT\MLOps\Labo\4.0-MLOps-Automation\actions-runner\bin'
[2025-11-17 19:36:48Z INFO HostContext] Well known directory 'Root': 'C:\SCHOOL\HOWEST LES\SEM5 MCT\MLOps\Labo\4.0-MLOps-Automation\actions-runner'
[2025-11-17 19:36:48Z INFO HostContext] Well known config file 'Runner': 'C:\SCHOOL\HOWEST LES\SEM5 MCT\MLOps\Labo\4.0-MLOps-Automation\actions-runner\.runner'
[2025-11-17 19:36:48Z INFO Listener] Runner is built for Windows (X64) - win-x64.
[2025-11-17 19:36:48Z INFO Listener] RuntimeInformation: Microsoft Windows 10.0.26100.
[2025-11-17 19:36:48Z INFO Listener] Version: 2.329.0
[2025-11-17 19:36:48Z INFO Listener] Commit: c76c59996c8fa32e989164a5a695efb12608ae5a
[2025-11-17 19:36:48Z INFO Listener] Culture: nl-BE
[2025-11-17 19:36:48Z INFO Listener] UI Culture: nl-NL
[2025-11-17 19:36:48Z INFO HostContext] Well known directory 'Bin': 'C:\SCHOOL\HOWEST LES\SEM5 MCT\MLOps\Labo\4.0-MLOps-Automation\actions-runner\bin'
[2025-11-17 19:36:48Z INFO HostContext] Well known directory 'Root': 'C:\SCHOOL\HOWEST LES\SEM5 MCT\MLOps\Labo\4.0-MLOps-Automation\actions-runner'
[2025-11-17 19:36:48Z INFO Listener] Validating directory permissions for: 'C:\SCHOOL\HOWEST LES\SEM5 MCT\MLOps\Labo\4.0-MLOps-Automation\actions-runner'
[2025-11-17 19:36:48Z INFO CommandLineParser] Parse
[2025-11-17 19:36:48Z INFO CommandLineParser] Parsing 1 args
[2025-11-17 19:36:48Z INFO CommandLineParser] parsing argument
[2025-11-17 19:36:48Z INFO CommandLineParser] HasArgs: False
[2025-11-17 19:36:48Z INFO CommandLineParser] Adding Command: run
[2025-11-17 19:36:48Z INFO Listener] Arguments parsed
[2025-11-17 19:36:49Z INFO Runner] ExecuteCommand
[2025-11-17 19:36:49Z INFO ConfigurationStore] currentAssemblyLocation: C:\SCHOOL\HOWEST LES\SEM5 MCT\MLOps\Labo\4.0-MLOps-Automation\actions-runner\bin\Runner.Listener.dll
[2025-11-17 19:36:49Z INFO HostContext] Well known directory 'Bin': 'C:\SCHOOL\HOWEST LES\SEM5 MCT\MLOps\Labo\4.0-MLOps-Automation\actions-runner\bin'
[2025-11-17 19:36:49Z INFO ConfigurationStore] binPath: C:\SCHOOL\HOWEST LES\SEM5 MCT\MLOps\Labo\4.0-MLOps-Automation\actions-runner\bin
[2025-11-17 19:36:49Z INFO HostContext] Well known directory 'Bin': 'C:\SCHOOL\HOWEST LES\SEM5 MCT\MLOps\Labo\4.0-MLOps-Automation\actions-runner\bin'
[2025-11-17 19:36:49Z INFO HostContext] Well known directory 'Root': 'C:\SCHOOL\HOWEST LES\SEM5 MCT\MLOps\Labo\4.0-MLOps-Automation\actions-runner'
[2025-11-17 19:36:49Z INFO ConfigurationStore] RootFolder: C:\SCHOOL\HOWEST LES\SEM5 MCT\MLOps\Labo\4.0-MLOps-Automation\actions-runner
[2025-11-17 19:36:49Z INFO HostContext] Well known directory 'Bin': 'C:\SCHOOL\HOWEST LES\SEM5 MCT\MLOps\Labo\4.0-MLOps-Automation\actions-runner\bin'
[2025-11-17 19:36:49Z INFO HostContext] Well known directory 'Root': 'C:\SCHOOL\HOWEST LES\SEM5 MCT\MLOps\Labo\4.0-MLOps-Automation\actions-runner'
[2025-11-17 19:36:49Z INFO HostContext] Well known config file 'Runner': 'C:\SCHOOL\HOWEST LES\SEM5 MCT\MLOps\Labo\4.0-MLOps-Automation\actions-runner\.runner'
[2025-11-17 19:36:49Z INFO ConfigurationStore] ConfigFilePath: C:\SCHOOL\HOWEST LES\SEM5 MCT\MLOps\Labo\4.0-MLOps-Automation\actions-runner\.runner
[2025-11-17 19:36:49Z INFO HostContext] Well known directory 'Bin': 'C:\SCHOOL\HOWEST LES\SEM5 MCT\MLOps\Labo\4.0-MLOps-Automation\actions-runner\bin'
[2025-11-17 19:36:49Z INFO HostContext] Well known directory 'Root': 'C:\SCHOOL\HOWEST LES\SEM5 MCT\MLOps\Labo\4.0-MLOps-Automation\actions-runner'
[2025-11-17 19:36:49Z INFO HostContext] Well known config file 'MigratedRunner': 'C:\SCHOOL\HOWEST LES\SEM5 MCT\MLOps\Labo\4.0-MLOps-Automation\actions-runner\.runner_migrated'
[2025-11-17 19:36:49Z INFO ConfigurationStore] MigratedConfigFilePath: C:\SCHOOL\HOWEST LES\SEM5 MCT\MLOps\Labo\4.0-MLOps-Automation\actions-runner\.runner_migrated
[2025-11-17 19:36:49Z INFO HostContext] Well known directory 'Bin': 'C:\SCHOOL\HOWEST LES\SEM5 MCT\MLOps\Labo\4.0-MLOps-Automation\actions-runner\bin'
[2025-11-17 19:36:49Z INFO HostContext] Well known directory 'Root': 'C:\SCHOOL\HOWEST LES\SEM5 MCT\MLOps\Labo\4.0-MLOps-Automation\actions-runner'
[2025-11-17 19:36:49Z INFO HostContext] Well known config file 'Credentials': 'C:\SCHOOL\HOWEST LES\SEM5 MCT\MLOps\Labo\4.0-MLOps-Automation\actions-runner\.credentials'
[2025-11-17 19:36:49Z INFO ConfigurationStore] CredFilePath: C:\SCHOOL\HOWEST LES\SEM5 MCT\MLOps\Labo\4.0-MLOps-Automation\actions-runner\.credentials
[2025-11-17 19:36:49Z INFO HostContext] Well known directory 'Bin': 'C:\SCHOOL\HOWEST LES\SEM5 MCT\MLOps\Labo\4.0-MLOps-Automation\actions-runner\bin'
[2025-11-17 19:36:49Z INFO HostContext] Well known directory 'Root': 'C:\SCHOOL\HOWEST LES\SEM5 MCT\MLOps\Labo\4.0-MLOps-Automation\actions-runner'
[2025-11-17 19:36:49Z INFO HostContext] Well known config file 'MigratedCredentials': 'C:\SCHOOL\HOWEST LES\SEM5 MCT\MLOps\Labo\4.0-MLOps-Automation\actions-runner\.credentials_migrated'
[2025-11-17 19:36:49Z INFO ConfigurationStore] MigratedCredFilePath: C:\SCHOOL\HOWEST LES\SEM5 MCT\MLOps\Labo\4.0-MLOps-Automation\actions-runner\.credentials_migrated
[2025-11-17 19:36:49Z INFO HostContext] Well known directory 'Bin': 'C:\SCHOOL\HOWEST LES\SEM5 MCT\MLOps\Labo\4.0-MLOps-Automation\actions-runner\bin'
[2025-11-17 19:36:49Z INFO HostContext] Well known directory 'Root': 'C:\SCHOOL\HOWEST LES\SEM5 MCT\MLOps\Labo\4.0-MLOps-Automation\actions-runner'
[2025-11-17 19:36:49Z INFO HostContext] Well known config file 'Service': 'C:\SCHOOL\HOWEST LES\SEM5 MCT\MLOps\Labo\4.0-MLOps-Automation\actions-runner\.service'
[2025-11-17 19:36:49Z INFO ConfigurationStore] ServiceConfigFilePath: C:\SCHOOL\HOWEST LES\SEM5 MCT\MLOps\Labo\4.0-MLOps-Automation\actions-runner\.service
[2025-11-17 19:36:49Z INFO CommandSettings] Flag 'help': 'False'
[2025-11-17 19:36:49Z INFO CommandSettings] Flag 'version': 'False'
[2025-11-17 19:36:49Z INFO CommandSettings] Flag 'commit': 'False'
[2025-11-17 19:36:49Z INFO CommandSettings] Flag 'check': 'False'
[2025-11-17 19:36:49Z INFO CommandSettings] Command 'configure': 'False'
[2025-11-17 19:36:49Z INFO CommandSettings] Command 'remove': 'False'
[2025-11-17 19:36:49Z INFO CommandSettings] Command 'warmup': 'False'
[2025-11-17 19:36:49Z INFO ConfigurationManager] LoadSettings
[2025-11-17 19:36:49Z INFO ConfigurationStore] IsConfigured()
[2025-11-17 19:36:49Z INFO ConfigurationStore] IsConfigured: True
[2025-11-17 19:36:49Z INFO ConfigurationManager] Is configured: True
[2025-11-17 19:36:49Z INFO ConfigurationStore] Read setting file: 400 chars
[2025-11-17 19:36:49Z INFO ConfigurationManager] Settings Loaded
[2025-11-17 19:36:49Z INFO ConfigurationStore] IsServiceConfigured()
[2025-11-17 19:36:49Z INFO ConfigurationStore] IsServiceConfigured: False
[2025-11-17 19:36:49Z INFO CommandSettings] Command 'run': 'True'
[2025-11-17 19:36:49Z INFO ConfigurationStore] IsConfigured()
[2025-11-17 19:36:49Z INFO ConfigurationStore] IsConfigured: True
[2025-11-17 19:36:49Z INFO ConfigurationManager] Is configured: True
[2025-11-17 19:36:49Z INFO Runner] Could not parse the argument value '' for StartupType. Defaulting to Manual
[2025-11-17 19:36:49Z INFO Runner] Set runner startup type - Manual
[2025-11-17 19:36:49Z INFO CommandSettings] Flag 'once': 'False'
[2025-11-17 19:36:49Z INFO CommandSettings] Flag 'once': 'False'
[2025-11-17 19:36:49Z INFO Runner] RunAsync
[2025-11-17 19:36:49Z INFO ConfigurationManager] LoadMigratedSettings
[2025-11-17 19:36:49Z INFO ConfigurationStore] IsMigratedConfigured()
[2025-11-17 19:36:49Z INFO ConfigurationStore] IsMigratedConfigured: False
[2025-11-17 19:36:49Z INFO Runner] Failed to load migrated settings: No migrated configuration found.
[2025-11-17 19:36:49Z INFO Runner] Falling back to original .runner settings
[2025-11-17 19:36:49Z INFO Runner] Using BrokerMessageListener
[2025-11-17 19:36:49Z INFO BrokerMessageListener] Using provided settings
[2025-11-17 19:36:49Z INFO BrokerMessageListener] {
  "AgentId": 2,
  "AgentName": "MSI",
  "PoolId": 1,
  "PoolName": "Default",
  "ServerUrl": "https://pipelinesghubeus15.actions.githubusercontent.com/ST0QRHKQvs3IyfkZ9UlXj7NXwz2iuKVaDyjqB8CbDLmOVoh9Sx/",
  "GitHubUrl": "https://github.com/DHaluwinRune/4.0-MLOps-Automation",
  "WorkFolder": "_work",
  "UseV2Flow": true,
  "ServerUrlV2": "https://broker.actions.githubusercontent.com/"
}
[2025-11-17 19:36:49Z INFO BrokerMessageListener] Loading Credentials
[2025-11-17 19:36:49Z INFO ConfigurationStore] HasCredentials()
[2025-11-17 19:36:49Z INFO ConfigurationStore] stored True
[2025-11-17 19:36:49Z INFO CredentialManager] GetCredentialProvider
[2025-11-17 19:36:49Z INFO CredentialManager] Creating type OAuth
[2025-11-17 19:36:49Z INFO CredentialManager] Creating credential type: OAuth
[2025-11-17 19:36:49Z INFO HostContext] Well known directory 'Bin': 'C:\SCHOOL\HOWEST LES\SEM5 MCT\MLOps\Labo\4.0-MLOps-Automation\actions-runner\bin'
[2025-11-17 19:36:49Z INFO HostContext] Well known directory 'Root': 'C:\SCHOOL\HOWEST LES\SEM5 MCT\MLOps\Labo\4.0-MLOps-Automation\actions-runner'
[2025-11-17 19:36:49Z INFO HostContext] Well known config file 'RSACredentials': 'C:\SCHOOL\HOWEST LES\SEM5 MCT\MLOps\Labo\4.0-MLOps-Automation\actions-runner\.credentials_rsaparams'
[2025-11-17 19:36:49Z INFO RSAEncryptedFileKeyManager] Loading RSA key parameters from file C:\SCHOOL\HOWEST LES\SEM5 MCT\MLOps\Labo\4.0-MLOps-Automation\actions-runner\.credentials_rsaparams
[2025-11-17 19:36:49Z INFO BrokerMessageListener] Attempt to create session.
[2025-11-17 19:36:49Z INFO BrokerMessageListener] Connecting to the Broker Server...
[2025-11-17 19:36:49Z INFO ConfigurationStore] HasCredentials()
[2025-11-17 19:36:49Z INFO ConfigurationStore] stored True
[2025-11-17 19:36:49Z INFO CredentialManager] GetCredentialProvider
[2025-11-17 19:36:49Z INFO CredentialManager] Creating type OAuth
[2025-11-17 19:36:49Z INFO CredentialManager] Creating credential type: OAuth
[2025-11-17 19:36:49Z INFO RSAEncryptedFileKeyManager] Loading RSA key parameters from file C:\SCHOOL\HOWEST LES\SEM5 MCT\MLOps\Labo\4.0-MLOps-Automation\actions-runner\.credentials_rsaparams
[2025-11-17 19:36:49Z INFO BrokerMessageListener] VssConnection created
[2025-11-17 19:36:49Z INFO BrokerMessageListener] Connecting to the Runner server...
[2025-11-17 19:36:49Z INFO RunnerServer] EstablishVssConnection
[2025-11-17 19:36:49Z INFO RunnerServer] Establish connection with 100 seconds timeout.
[2025-11-17 19:36:49Z INFO GitHubActionsService] Starting operation Location.GetConnectionData
[2025-11-17 19:36:49Z INFO RunnerServer] EstablishVssConnection
[2025-11-17 19:36:49Z INFO RunnerServer] Establish connection with 60 seconds timeout.
[2025-11-17 19:36:49Z INFO GitHubActionsService] Starting operation Location.GetConnectionData
[2025-11-17 19:36:49Z INFO RunnerServer] EstablishVssConnection
[2025-11-17 19:36:49Z INFO RunnerServer] Establish connection with 60 seconds timeout.
[2025-11-17 19:36:49Z INFO GitHubActionsService] Starting operation Location.GetConnectionData
[2025-11-17 19:36:49Z INFO GitHubActionsService] Finished operation Location.GetConnectionData
[2025-11-17 19:36:49Z INFO GitHubActionsService] Finished operation Location.GetConnectionData
[2025-11-17 19:36:49Z INFO GitHubActionsService] Finished operation Location.GetConnectionData
[2025-11-17 19:36:49Z INFO BrokerMessageListener] VssConnection created
[2025-11-17 19:36:49Z INFO Terminal] WRITE LINE: 
[2025-11-17 19:36:49Z INFO Terminal] WRITE LINE: 
[2025-11-17 19:36:50Z INFO RSAEncryptedFileKeyManager] Loading RSA key parameters from file C:\SCHOOL\HOWEST LES\SEM5 MCT\MLOps\Labo\4.0-MLOps-Automation\actions-runner\.credentials_rsaparams
[2025-11-17 19:36:50Z INFO RSAEncryptedFileKeyManager] Loading RSA key parameters from file C:\SCHOOL\HOWEST LES\SEM5 MCT\MLOps\Labo\4.0-MLOps-Automation\actions-runner\.credentials_rsaparams
[2025-11-17 19:36:50Z INFO GitHubActionsService] AAD Correlation ID for this token request: Unknown
[2025-11-17 19:36:50Z INFO BrokerMessageListener] Session created.
[2025-11-17 19:36:50Z INFO Terminal] WRITE LINE: Current runner version: '2.329.0'
[2025-11-17 19:36:50Z INFO Terminal] WRITE LINE: 2025-11-17 19:36:50Z: Listening for Jobs
[2025-11-17 19:36:50Z INFO JobDispatcher] Set runner/worker IPC timeout to 30 seconds.
[2025-11-17 19:49:01Z WARN GitHubActionsService] Attempt 1 of GET request to https://broker.actions.githubusercontent.com/message?sessionId=9d8b821e-39ff-4b10-8221-1b322daa9f7a&status=Online&runnerVersion=2.329.0&os=Windows&architecture=X64&disableUpdate=false failed (Socket Error: ConnectionReset). The operation will be retried in 11,094 seconds.
[2025-11-17 19:58:16Z INFO Runner] Received RunnerRefreshConfigMessage for 'runner' config file
[2025-11-17 19:58:16Z INFO RunnerConfigUpdater] Verifying runner qualified id: U_kgDOCK9p_g/R_kgDOQWNOmA/self-hosted/2
[2025-11-17 19:58:16Z INFO HostContext] Well known directory 'Bin': 'C:\SCHOOL\HOWEST LES\SEM5 MCT\MLOps\Labo\4.0-MLOps-Automation\actions-runner\bin'
[2025-11-17 19:58:16Z INFO HostContext] Well known directory 'Root': 'C:\SCHOOL\HOWEST LES\SEM5 MCT\MLOps\Labo\4.0-MLOps-Automation\actions-runner'
[2025-11-17 19:58:16Z INFO HostContext] Well known config file 'Runner': 'C:\SCHOOL\HOWEST LES\SEM5 MCT\MLOps\Labo\4.0-MLOps-Automation\actions-runner\.runner'
[2025-11-17 19:58:16Z INFO RSAEncryptedFileKeyManager] Loading RSA key parameters from file C:\SCHOOL\HOWEST LES\SEM5 MCT\MLOps\Labo\4.0-MLOps-Automation\actions-runner\.credentials_rsaparams
[2025-11-17 19:58:16Z INFO RSAEncryptedFileKeyManager] Loading RSA key parameters from file C:\SCHOOL\HOWEST LES\SEM5 MCT\MLOps\Labo\4.0-MLOps-Automation\actions-runner\.credentials_rsaparams
[2025-11-17 19:58:17Z INFO GitHubActionsService] AAD Correlation ID for this token request: Unknown
[2025-11-17 19:58:17Z INFO ConfigurationStore] Saving runner migrated settings
[2025-11-17 19:58:17Z INFO ConfigurationStore] Migrated Settings Saved.
[2025-11-17 19:58:17Z INFO Runner] Runner configuration was updated. Session restart has been scheduled
[2025-11-17 19:58:17Z INFO Runner] Pending session restart detected and job dispatcher is not busy. Restarting session now.
[2025-11-17 19:58:17Z INFO JobDispatcher] Shutting down JobDispatcher. Make sure all WorkerDispatcher has finished.
[2025-11-17 19:58:17Z INFO Runner] Deleting Runner Session...
[2025-11-17 19:58:17Z INFO Runner] Restarting runner session after config update...
[2025-11-17 19:58:17Z INFO Runner] Runner configuration was refreshed, restarting session...
[2025-11-17 19:58:17Z INFO ConfigurationManager] LoadSettings
[2025-11-17 19:58:17Z INFO ConfigurationStore] IsConfigured()
[2025-11-17 19:58:17Z INFO ConfigurationStore] IsConfigured: True
[2025-11-17 19:58:17Z INFO ConfigurationManager] Is configured: True
[2025-11-17 19:58:17Z INFO ConfigurationManager] Settings Loaded
[2025-11-17 19:58:17Z INFO Runner] RunAsync
[2025-11-17 19:58:17Z INFO ConfigurationManager] LoadMigratedSettings
[2025-11-17 19:58:17Z INFO ConfigurationStore] IsMigratedConfigured()
[2025-11-17 19:58:17Z INFO ConfigurationStore] IsMigratedConfigured: True
[2025-11-17 19:58:17Z INFO ConfigurationStore] Read migrated setting file: 400 chars
[2025-11-17 19:58:17Z INFO ConfigurationManager] Migrated Settings Loaded
[2025-11-17 19:58:17Z INFO Runner] Loaded migrated settings from .runner_migrated file
[2025-11-17 19:58:17Z INFO Runner] {
  "AgentId": 2,
  "AgentName": "MSI",
  "PoolId": 1,
  "PoolName": "Default",
  "ServerUrl": "https://pipelinesghubeus15.actions.githubusercontent.com/ST0QRHKQvs3IyfkZ9UlXj7NXwz2iuKVaDyjqB8CbDLmOVoh9Sx/",
  "GitHubUrl": "https://github.com/DHaluwinRune/4.0-MLOps-Automation",
  "WorkFolder": "_work",
  "UseV2Flow": true,
  "ServerUrlV2": "https://broker.actions.githubusercontent.com/"
}
[2025-11-17 19:58:17Z INFO Runner] Attempting to create session using migrated settings
[2025-11-17 19:58:17Z INFO Runner] Using BrokerMessageListener
[2025-11-17 19:58:17Z INFO BrokerMessageListener] Using provided settings
[2025-11-17 19:58:17Z INFO BrokerMessageListener] Using migrated settings from .runner_migrated
[2025-11-17 19:58:17Z INFO BrokerMessageListener] {
  "AgentId": 2,
  "AgentName": "MSI",
  "PoolId": 1,
  "PoolName": "Default",
  "ServerUrl": "https://pipelinesghubeus15.actions.githubusercontent.com/ST0QRHKQvs3IyfkZ9UlXj7NXwz2iuKVaDyjqB8CbDLmOVoh9Sx/",
  "GitHubUrl": "https://github.com/DHaluwinRune/4.0-MLOps-Automation",
  "WorkFolder": "_work",
  "UseV2Flow": true,
  "ServerUrlV2": "https://broker.actions.githubusercontent.com/"
}
[2025-11-17 19:58:17Z INFO BrokerMessageListener] Loading Credentials
[2025-11-17 19:58:17Z INFO ConfigurationStore] HasCredentials()
[2025-11-17 19:58:17Z INFO ConfigurationStore] stored True
[2025-11-17 19:58:17Z INFO CredentialManager] GetCredentialProvider
[2025-11-17 19:58:17Z INFO CredentialManager] Creating type OAuth
[2025-11-17 19:58:17Z INFO CredentialManager] Creating credential type: OAuth
[2025-11-17 19:58:17Z INFO RSAEncryptedFileKeyManager] Loading RSA key parameters from file C:\SCHOOL\HOWEST LES\SEM5 MCT\MLOps\Labo\4.0-MLOps-Automation\actions-runner\.credentials_rsaparams
[2025-11-17 19:58:17Z INFO BrokerMessageListener] Attempt to create session.
[2025-11-17 19:58:17Z INFO BrokerMessageListener] Connecting to the Broker Server...
[2025-11-17 19:58:17Z INFO ConfigurationStore] HasCredentials()
[2025-11-17 19:58:17Z INFO ConfigurationStore] stored True
[2025-11-17 19:58:17Z INFO CredentialManager] GetCredentialProvider
[2025-11-17 19:58:17Z INFO CredentialManager] Creating type OAuth
[2025-11-17 19:58:17Z INFO CredentialManager] Creating credential type: OAuth
[2025-11-17 19:58:17Z INFO RSAEncryptedFileKeyManager] Loading RSA key parameters from file C:\SCHOOL\HOWEST LES\SEM5 MCT\MLOps\Labo\4.0-MLOps-Automation\actions-runner\.credentials_rsaparams
[2025-11-17 19:58:17Z INFO BrokerMessageListener] VssConnection created
[2025-11-17 19:58:17Z INFO BrokerMessageListener] Connecting to the Runner server...
[2025-11-17 19:58:17Z INFO RunnerServer] EstablishVssConnection
[2025-11-17 19:58:17Z INFO RunnerServer] Establish connection with 100 seconds timeout.
[2025-11-17 19:58:17Z INFO GitHubActionsService] Starting operation Location.GetConnectionData
[2025-11-17 19:58:17Z INFO RunnerServer] EstablishVssConnection
[2025-11-17 19:58:17Z INFO RunnerServer] Establish connection with 60 seconds timeout.
[2025-11-17 19:58:17Z INFO GitHubActionsService] Starting operation Location.GetConnectionData
[2025-11-17 19:58:17Z INFO RunnerServer] EstablishVssConnection
[2025-11-17 19:58:17Z INFO RunnerServer] Establish connection with 60 seconds timeout.
[2025-11-17 19:58:17Z INFO GitHubActionsService] Starting operation Location.GetConnectionData
[2025-11-17 19:58:18Z INFO GitHubActionsService] Finished operation Location.GetConnectionData
[2025-11-17 19:58:18Z INFO GitHubActionsService] Finished operation Location.GetConnectionData
[2025-11-17 19:58:18Z INFO GitHubActionsService] Finished operation Location.GetConnectionData
[2025-11-17 19:58:18Z INFO BrokerMessageListener] VssConnection created
[2025-11-17 19:58:18Z INFO Terminal] WRITE LINE: 
[2025-11-17 19:58:18Z INFO Terminal] WRITE LINE: 
[2025-11-17 19:58:18Z INFO RSAEncryptedFileKeyManager] Loading RSA key parameters from file C:\SCHOOL\HOWEST LES\SEM5 MCT\MLOps\Labo\4.0-MLOps-Automation\actions-runner\.credentials_rsaparams
[2025-11-17 19:58:18Z INFO RSAEncryptedFileKeyManager] Loading RSA key parameters from file C:\SCHOOL\HOWEST LES\SEM5 MCT\MLOps\Labo\4.0-MLOps-Automation\actions-runner\.credentials_rsaparams
[2025-11-17 19:58:19Z INFO GitHubActionsService] AAD Correlation ID for this token request: Unknown
[2025-11-17 19:58:20Z INFO BrokerMessageListener] Session created.
[2025-11-17 19:58:20Z INFO Runner] Successfully created session with migrated settings
[2025-11-17 19:58:20Z INFO Terminal] WRITE LINE: Current runner version: '2.329.0'
[2025-11-17 19:58:20Z INFO Terminal] WRITE LINE: 2025-11-17 19:58:20Z: Listening for Jobs
[2025-11-17 19:58:20Z INFO JobDispatcher] Set runner/worker IPC timeout to 30 seconds.
[2025-11-17 20:03:07Z WARN GitHubActionsService] Attempt 1 of GET request to https://broker.actions.githubusercontent.com/message?sessionId=e1567745-1f3c-4971-b623-dc2816847963&status=Online&runnerVersion=2.329.0&os=Windows&architecture=X64&disableUpdate=false failed (Socket Error: ConnectionReset). The operation will be retried in 10,884 seconds.
[2025-11-17 20:06:04Z WARN GitHubActionsService] Attempt 1 of GET request to https://broker.actions.githubusercontent.com/message?sessionId=e1567745-1f3c-4971-b623-dc2816847963&status=Online&runnerVersion=2.329.0&os=Windows&architecture=X64&disableUpdate=false failed (Socket Error: ConnectionReset). The operation will be retried in 11,199 seconds.
[2025-11-17 20:06:47Z WARN GitHubActionsService] Attempt 2 of GET request to https://broker.actions.githubusercontent.com/message?sessionId=e1567745-1f3c-4971-b623-dc2816847963&status=Online&runnerVersion=2.329.0&os=Windows&architecture=X64&disableUpdate=false failed (Socket Error: ConnectionReset). The operation will be retried in 12,721 seconds.
[2025-11-17 20:07:42Z WARN GitHubActionsService] Attempt 3 of GET request to https://broker.actions.githubusercontent.com/message?sessionId=e1567745-1f3c-4971-b623-dc2816847963&status=Online&runnerVersion=2.329.0&os=Windows&architecture=X64&disableUpdate=false failed (Socket Error: ConnectionReset). The operation will be retried in 16,111 seconds.
[2025-11-17 20:10:13Z WARN GitHubActionsService] Attempt 1 of GET request to https://broker.actions.githubusercontent.com/message?sessionId=e1567745-1f3c-4971-b623-dc2816847963&status=Online&runnerVersion=2.329.0&os=Windows&architecture=X64&disableUpdate=false failed (Socket Error: ConnectionReset). The operation will be retried in 11,097 seconds.
[2025-11-17 20:11:57Z WARN GitHubActionsService] Attempt 1 of GET request to https://broker.actions.githubusercontent.com/message?sessionId=e1567745-1f3c-4971-b623-dc2816847963&status=Online&runnerVersion=2.329.0&os=Windows&architecture=X64&disableUpdate=false failed (Socket Error: ConnectionReset). The operation will be retried in 10,935 seconds.
[2025-11-17 20:15:18Z WARN GitHubActionsService] Attempt 1 of GET request to https://broker.actions.githubusercontent.com/message?sessionId=e1567745-1f3c-4971-b623-dc2816847963&status=Online&runnerVersion=2.329.0&os=Windows&architecture=X64&disableUpdate=false failed (Socket Error: ConnectionReset). The operation will be retried in 11,091 seconds.
[2025-11-17 20:18:30Z WARN GitHubActionsService] Attempt 1 of GET request to https://broker.actions.githubusercontent.com/message?sessionId=e1567745-1f3c-4971-b623-dc2816847963&status=Online&runnerVersion=2.329.0&os=Windows&architecture=X64&disableUpdate=false failed (Socket Error: ConnectionReset). The operation will be retried in 11,187 seconds.
[2025-11-17 20:19:26Z WARN GitHubActionsService] Attempt 2 of GET request to https://broker.actions.githubusercontent.com/message?sessionId=e1567745-1f3c-4971-b623-dc2816847963&status=Online&runnerVersion=2.329.0&os=Windows&architecture=X64&disableUpdate=false failed (Socket Error: ConnectionReset). The operation will be retried in 12,937 seconds.
[2025-11-17 20:23:08Z WARN GitHubActionsService] Attempt 1 of GET request to https://broker.actions.githubusercontent.com/message?sessionId=e1567745-1f3c-4971-b623-dc2816847963&status=Online&runnerVersion=2.329.0&os=Windows&architecture=X64&disableUpdate=false failed (Socket Error: ConnectionReset). The operation will be retried in 10,873 seconds.
[2025-11-17 20:23:24Z WARN GitHubActionsService] Attempt 2 of GET request to https://broker.actions.githubusercontent.com/message?sessionId=e1567745-1f3c-4971-b623-dc2816847963&status=Online&runnerVersion=2.329.0&os=Windows&architecture=X64&disableUpdate=false failed (Socket Error: ConnectionReset). The operation will be retried in 12,943 seconds.
[2025-11-17 20:24:43Z WARN GitHubActionsService] Attempt 1 of GET request to https://broker.actions.githubusercontent.com/message?sessionId=e1567745-1f3c-4971-b623-dc2816847963&status=Online&runnerVersion=2.329.0&os=Windows&architecture=X64&disableUpdate=false failed (Socket Error: ConnectionReset). The operation will be retried in 11,183 seconds.
[2025-11-17 20:26:30Z WARN GitHubActionsService] Attempt 1 of GET request to https://broker.actions.githubusercontent.com/message?sessionId=e1567745-1f3c-4971-b623-dc2816847963&status=Online&runnerVersion=2.329.0&os=Windows&architecture=X64&disableUpdate=false failed (Socket Error: ConnectionReset). The operation will be retried in 11,079 seconds.
[2025-11-17 20:45:31Z WARN GitHubActionsService] Attempt 1 of GET request to https://broker.actions.githubusercontent.com/message?sessionId=e1567745-1f3c-4971-b623-dc2816847963&status=Online&runnerVersion=2.329.0&os=Windows&architecture=X64&disableUpdate=false failed (Socket Error: ConnectionReset). The operation will be retried in 11,1 seconds.
[2025-11-17 20:49:04Z INFO RSAEncryptedFileKeyManager] Loading RSA key parameters from file C:\SCHOOL\HOWEST LES\SEM5 MCT\MLOps\Labo\4.0-MLOps-Automation\actions-runner\.credentials_rsaparams
[2025-11-17 20:49:04Z INFO GitHubActionsService] AAD Correlation ID for this token request: Unknown
[2025-11-17 20:51:00Z WARN GitHubActionsService] Attempt 1 of GET request to https://broker.actions.githubusercontent.com/message?sessionId=e1567745-1f3c-4971-b623-dc2816847963&status=Online&runnerVersion=2.329.0&os=Windows&architecture=X64&disableUpdate=false failed (Socket Error: ConnectionReset). The operation will be retried in 11,077 seconds.
[2025-11-17 20:59:32Z WARN GitHubActionsService] Attempt 1 of GET request to https://broker.actions.githubusercontent.com/message?sessionId=e1567745-1f3c-4971-b623-dc2816847963&status=Online&runnerVersion=2.329.0&os=Windows&architecture=X64&disableUpdate=false failed (Socket Error: ConnectionReset). The operation will be retried in 11,094 seconds.
[2025-11-17 21:06:56Z WARN GitHubActionsService] Attempt 1 of GET request to https://broker.actions.githubusercontent.com/message?sessionId=e1567745-1f3c-4971-b623-dc2816847963&status=Online&runnerVersion=2.329.0&os=Windows&architecture=X64&disableUpdate=false failed (Socket Error: ConnectionReset). The operation will be retried in 10,987 seconds.
[2025-11-17 21:08:09Z WARN GitHubActionsService] Attempt 1 of GET request to https://broker.actions.githubusercontent.com/message?sessionId=e1567745-1f3c-4971-b623-dc2816847963&status=Online&runnerVersion=2.329.0&os=Windows&architecture=X64&disableUpdate=false failed (Socket Error: ConnectionReset). The operation will be retried in 11,088 seconds.
[2025-11-17 21:15:47Z WARN GitHubActionsService] Attempt 1 of GET request to https://broker.actions.githubusercontent.com/message?sessionId=e1567745-1f3c-4971-b623-dc2816847963&status=Online&runnerVersion=2.329.0&os=Windows&architecture=X64&disableUpdate=false failed (Socket Error: ConnectionReset). The operation will be retried in 10,827 seconds.
[2025-11-17 21:18:18Z WARN GitHubActionsService] Attempt 1 of GET request to https://broker.actions.githubusercontent.com/message?sessionId=e1567745-1f3c-4971-b623-dc2816847963&status=Online&runnerVersion=2.329.0&os=Windows&architecture=X64&disableUpdate=false failed (Socket Error: ConnectionReset). The operation will be retried in 11,165 seconds.
[2025-11-17 21:19:06Z WARN GitHubActionsService] Attempt 2 of GET request to https://broker.actions.githubusercontent.com/message?sessionId=e1567745-1f3c-4971-b623-dc2816847963&status=Online&runnerVersion=2.329.0&os=Windows&architecture=X64&disableUpdate=false failed (Socket Error: ConnectionReset). The operation will be retried in 12,577 seconds.
[2025-11-17 21:20:29Z WARN GitHubActionsService] Attempt 1 of GET request to https://broker.actions.githubusercontent.com/message?sessionId=e1567745-1f3c-4971-b623-dc2816847963&status=Online&runnerVersion=2.329.0&os=Windows&architecture=X64&disableUpdate=false failed (Socket Error: ConnectionReset). The operation will be retried in 11,192 seconds.
[2025-11-17 21:27:38Z WARN GitHubActionsService] Attempt 1 of GET request to https://broker.actions.githubusercontent.com/message?sessionId=e1567745-1f3c-4971-b623-dc2816847963&status=Online&runnerVersion=2.329.0&os=Windows&architecture=X64&disableUpdate=false failed (Socket Error: ConnectionReset). The operation will be retried in 10,807 seconds.
